<?xml version="1.0" encoding="UTF-8"?>
<!-- Generated by org.testng.reporters.JUnitReportReporter -->
<testsuite hostname="LPFKOL015834" failures="0" tests="1" name="testClass_Package.AudiSheetSetupClass" time="26.971" errors="0" timestamp="2024-02-06T15:11:14 IST" skipped="0">
  <testcase classname="testClass_Package.AudiSheetSetupClass" name="CreateAuditSheetButton" time="26.971"/>
</testsuite> <!-- testClass_Package.AudiSheetSetupClass -->
