<?xml version="1.0" encoding="UTF-8"?>
<!-- Generated by org.testng.reporters.JUnitReportReporter -->
<testsuite hostname="LPFKOL015834" failures="0" tests="1" name="testClass_Package.Login_testClass" time="24.894" errors="0" timestamp="2024-02-06T14:46:41 IST" skipped="0">
  <testcase classname="testClass_Package.Login_testClass" name="InvalidCredentialLoginpage3" time="24.894"/>
</testsuite> <!-- testClass_Package.Login_testClass -->
